MarcoSmilesClient/Library/Bee/Android/Prj/IL2CPP/Gradle/launcher/build/intermediates/manifest_merge_blame_file/release/manifest-merger-blame-release-report.txt
1<?xml version="1.0" encoding="utf-8"?>
2<manifest xmlns:android="http://schemas.android.com/apk/res/android"
3    package="com.DefaultCompany.MarcoSmilesClient"
4    android:installLocation="auto"
5    android:versionCode="1"
6    android:versionName="0.1" >
7
8    <uses-sdk
9        android:minSdkVersion="32"
9-->src\main\AndroidManifest.xml
10        android:targetSdkVersion="35" />
10-->src\main\AndroidManifest.xml
11
12    <supports-screens
12-->src\main\AndroidManifest.xml:4:3-163
13        android:anyDensity="true"
13-->src\main\AndroidManifest.xml:4:135-160
14        android:largeScreens="true"
14-->src\main\AndroidManifest.xml:4:78-105
15        android:normalScreens="true"
15-->src\main\AndroidManifest.xml:4:49-77
16        android:smallScreens="true"
16-->src\main\AndroidManifest.xml:4:21-48
17        android:xlargeScreens="true" />
17-->src\main\AndroidManifest.xml:4:106-134
18
19    <uses-permission android:name="android.permission.INTERNET" />
19-->[:unityLibrary] AndroidManifest.xml:8:5-67
19-->[:unityLibrary] AndroidManifest.xml:8:22-64
20    <uses-permission android:name="android.permission.ACCESS_NETWORK_STATE" />
20-->[:unityLibrary] AndroidManifest.xml:9:5-79
20-->[:unityLibrary] AndroidManifest.xml:9:22-76
21    <uses-permission android:name="android.permission.RECORD_AUDIO" />
21-->[:unityLibrary] AndroidManifest.xml:10:5-71
21-->[:unityLibrary] AndroidManifest.xml:10:22-68
22    <uses-permission android:name="android.permission.MODIFY_AUDIO_SETTINGS" />
22-->[:unityLibrary] AndroidManifest.xml:11:5-80
22-->[:unityLibrary] AndroidManifest.xml:11:22-77
23
24    <uses-feature
24-->[:unityLibrary] AndroidManifest.xml:13:5-16:31
25        android:name="android.hardware.vr.headtracking"
25-->[:unityLibrary] AndroidManifest.xml:14:9-56
26        android:required="true"
26-->[:unityLibrary] AndroidManifest.xml:15:9-32
27        android:version="1" />
27-->[:unityLibrary] AndroidManifest.xml:16:9-28
28    <uses-feature
28-->[:unityLibrary] AndroidManifest.xml:17:5-19:35
29        android:name="android.hardware.vulkan.version"
29-->[:unityLibrary] AndroidManifest.xml:18:9-55
30        android:required="true" />
30-->[:unityLibrary] AndroidManifest.xml:19:9-32
31    <uses-feature
31-->[:unityLibrary] AndroidManifest.xml:20:5-22:36
32        android:name="android.hardware.microphone"
32-->[:unityLibrary] AndroidManifest.xml:21:9-51
33        android:required="false" />
33-->[:unityLibrary] AndroidManifest.xml:22:9-33
34    <uses-feature
34-->[:unityLibrary] AndroidManifest.xml:23:5-25:36
35        android:name="android.hardware.touchscreen"
35-->[:unityLibrary] AndroidManifest.xml:24:9-52
36        android:required="false" />
36-->[:unityLibrary] AndroidManifest.xml:25:9-33
37    <uses-feature
37-->[:unityLibrary] AndroidManifest.xml:26:5-28:36
38        android:name="android.hardware.touchscreen.multitouch"
38-->[:unityLibrary] AndroidManifest.xml:27:9-63
39        android:required="false" />
39-->[:unityLibrary] AndroidManifest.xml:28:9-33
40    <uses-feature
40-->[:unityLibrary] AndroidManifest.xml:29:5-31:36
41        android:name="android.hardware.touchscreen.multitouch.distinct"
41-->[:unityLibrary] AndroidManifest.xml:30:9-72
42        android:required="false" />
42-->[:unityLibrary] AndroidManifest.xml:31:9-33
43    <uses-feature
43-->[:unityLibrary] AndroidManifest.xml:32:5-34:36
44        android:name="oculus.software.handtracking"
44-->[:unityLibrary] AndroidManifest.xml:33:9-52
45        android:required="false" />
45-->[:unityLibrary] AndroidManifest.xml:34:9-33
46
47    <uses-permission android:name="com.oculus.permission.HAND_TRACKING" />
47-->[:unityLibrary] AndroidManifest.xml:36:5-75
47-->[:unityLibrary] AndroidManifest.xml:36:22-72
48
49    <uses-feature
49-->[:unityLibrary] AndroidManifest.xml:38:5-40:36
50        android:name="oculus.software.overlay_keyboard"
50-->[:unityLibrary] AndroidManifest.xml:39:9-56
51        android:required="false" />
51-->[:unityLibrary] AndroidManifest.xml:40:9-33
52
53    <uses-permission android:name="com.oculus.permission.USE_ANCHOR_API" />
53-->[:unityLibrary] AndroidManifest.xml:42:5-76
53-->[:unityLibrary] AndroidManifest.xml:42:22-73
54
55    <uses-feature
55-->[:unityLibrary] AndroidManifest.xml:44:5-46:36
56        android:name="com.oculus.feature.PASSTHROUGH"
56-->[:unityLibrary] AndroidManifest.xml:45:9-54
57        android:required="false" />
57-->[:unityLibrary] AndroidManifest.xml:46:9-33
58    <uses-feature android:name="com.oculus.feature.RENDER_MODEL" />
58-->[:unityLibrary] AndroidManifest.xml:47:5-68
58-->[:unityLibrary] AndroidManifest.xml:47:19-65
59
60    <uses-permission android:name="com.oculus.permission.RENDER_MODEL" />
60-->[:unityLibrary] AndroidManifest.xml:49:5-74
60-->[:unityLibrary] AndroidManifest.xml:49:22-71
61
62    <uses-feature
62-->[:unityLibrary] AndroidManifest.xml:51:5-53:36
63        android:name="com.oculus.feature.VIRTUAL_KEYBOARD"
63-->[:unityLibrary] AndroidManifest.xml:52:9-59
64        android:required="false" />
64-->[:unityLibrary] AndroidManifest.xml:53:9-33
65
66    <uses-permission android:name="com.oculus.permission.USE_SCENE" />
66-->[:unityLibrary] AndroidManifest.xml:55:5-71
66-->[:unityLibrary] AndroidManifest.xml:55:22-68
67
68    <application
68-->src\main\AndroidManifest.xml:3:3-83
69        android:allowBackup="false"
69-->[:unityLibrary] AndroidManifest.xml:58:9-36
70        android:extractNativeLibs="true"
70-->[:unityLibrary] AndroidManifest.xml:59:9-41
71        android:icon="@mipmap/app_icon"
71-->src\main\AndroidManifest.xml:3:49-80
72        android:label="@string/app_name"
72-->src\main\AndroidManifest.xml:3:16-48
73        android:networkSecurityConfig="@xml/network_sec_config"
73-->[:unityLibrary] AndroidManifest.xml:62:9-64
74        android:usesCleartextTraffic="true" >
74-->[:unityLibrary] AndroidManifest.xml:63:9-44
75        <meta-data
75-->[:unityLibrary] AndroidManifest.xml:64:9-66:37
76            android:name="unityplayer.SkipPermissionsDialog"
76-->[:unityLibrary] AndroidManifest.xml:65:13-61
77            android:value="false" />
77-->[:unityLibrary] AndroidManifest.xml:66:13-34
78        <meta-data
78-->[:unityLibrary] AndroidManifest.xml:67:9-69:39
79            android:name="com.samsung.android.vr.application.mode"
79-->[:unityLibrary] AndroidManifest.xml:68:13-67
80            android:value="vr_only" />
80-->[:unityLibrary] AndroidManifest.xml:69:13-36
81        <meta-data
81-->[:unityLibrary] AndroidManifest.xml:70:9-72:54
82            android:name="com.oculus.ossplash.background"
82-->[:unityLibrary] AndroidManifest.xml:71:13-58
83            android:value="passthrough-contextual" />
83-->[:unityLibrary] AndroidManifest.xml:72:13-51
84        <meta-data
84-->[:unityLibrary] AndroidManifest.xml:73:9-75:68
85            android:name="com.oculus.telemetry.project_guid"
85-->[:unityLibrary] AndroidManifest.xml:74:13-61
86            android:value="5cc95833-f626-4473-8397-378891260d6e" />
86-->[:unityLibrary] AndroidManifest.xml:75:13-65
87        <meta-data
87-->[:unityLibrary] AndroidManifest.xml:76:9-78:62
88            android:name="com.oculus.supportedDevices"
88-->[:unityLibrary] AndroidManifest.xml:77:13-55
89            android:value="quest2|questpro|quest3|quest3s" />
89-->[:unityLibrary] AndroidManifest.xml:78:13-59
90        <meta-data
90-->[:unityLibrary] AndroidManifest.xml:79:9-81:33
91            android:name="unity.splash-mode"
91-->[:unityLibrary] AndroidManifest.xml:80:13-45
92            android:value="0" />
92-->[:unityLibrary] AndroidManifest.xml:81:13-30
93        <meta-data
93-->[:unityLibrary] AndroidManifest.xml:82:9-84:36
94            android:name="unity.splash-enable"
94-->[:unityLibrary] AndroidManifest.xml:83:13-47
95            android:value="True" />
95-->[:unityLibrary] AndroidManifest.xml:84:13-33
96        <meta-data
96-->[:unityLibrary] AndroidManifest.xml:85:9-87:36
97            android:name="unity.launch-fullscreen"
97-->[:unityLibrary] AndroidManifest.xml:86:13-51
98            android:value="True" />
98-->[:unityLibrary] AndroidManifest.xml:87:13-33
99        <meta-data
99-->[:unityLibrary] AndroidManifest.xml:88:9-90:36
100            android:name="unity.render-outside-safearea"
100-->[:unityLibrary] AndroidManifest.xml:89:13-57
101            android:value="True" />
101-->[:unityLibrary] AndroidManifest.xml:90:13-33
102        <meta-data
102-->[:unityLibrary] AndroidManifest.xml:91:9-93:50
103            android:name="notch.config"
103-->[:unityLibrary] AndroidManifest.xml:92:13-40
104            android:value="portrait|landscape" />
104-->[:unityLibrary] AndroidManifest.xml:93:13-47
105        <meta-data
105-->[:unityLibrary] AndroidManifest.xml:94:9-96:36
106            android:name="unity.auto-report-fully-drawn"
106-->[:unityLibrary] AndroidManifest.xml:95:13-57
107            android:value="true" />
107-->[:unityLibrary] AndroidManifest.xml:96:13-33
108
109        <activity
109-->[:unityLibrary] AndroidManifest.xml:98:9-121:20
110            android:name="com.unity3d.player.UnityPlayerActivity"
110-->[:unityLibrary] AndroidManifest.xml:99:13-66
111            android:configChanges="keyboard|keyboardHidden|navigation|orientation|screenLayout|screenSize|uiMode|density"
111-->[:unityLibrary] AndroidManifest.xml:100:13-122
112            android:excludeFromRecents="true"
112-->[:unityLibrary] AndroidManifest.xml:101:13-46
113            android:exported="true"
113-->[:unityLibrary] AndroidManifest.xml:102:13-36
114            android:hardwareAccelerated="false"
114-->[:unityLibrary] AndroidManifest.xml:103:13-48
115            android:launchMode="singleTask"
115-->[:unityLibrary] AndroidManifest.xml:104:13-44
116            android:resizeableActivity="false"
116-->[:unityLibrary] AndroidManifest.xml:105:13-47
117            android:screenOrientation="landscape"
117-->[:unityLibrary] AndroidManifest.xml:106:13-50
118            android:theme="@android:style/Theme.Black.NoTitleBar.Fullscreen" >
118-->[:unityLibrary] AndroidManifest.xml:107:13-77
119            <intent-filter>
119-->[:unityLibrary] AndroidManifest.xml:108:13-113:29
120                <category android:name="android.intent.category.LAUNCHER" />
120-->[:unityLibrary] AndroidManifest.xml:109:17-77
120-->[:unityLibrary] AndroidManifest.xml:109:27-74
121                <category android:name="com.oculus.intent.category.VR" />
121-->[:unityLibrary] AndroidManifest.xml:110:17-74
121-->[:unityLibrary] AndroidManifest.xml:110:27-71
122
123                <action android:name="android.intent.action.MAIN" />
123-->[:unityLibrary] AndroidManifest.xml:112:17-69
123-->[:unityLibrary] AndroidManifest.xml:112:25-66
124            </intent-filter>
125
126            <meta-data
126-->[:unityLibrary] AndroidManifest.xml:115:13-117:40
127                android:name="com.oculus.vr.focusaware"
127-->[:unityLibrary] AndroidManifest.xml:116:17-56
128                android:value="true" />
128-->[:unityLibrary] AndroidManifest.xml:117:17-37
129            <meta-data
129-->[:unityLibrary] AndroidManifest.xml:118:13-120:40
130                android:name="notch_support"
130-->[:unityLibrary] AndroidManifest.xml:119:17-45
131                android:value="true" />
131-->[:unityLibrary] AndroidManifest.xml:120:17-37
132        </activity>
133
134        <meta-data
134-->[:unityLibrary] AndroidManifest.xml:123:9-125:37
135            android:name="com.unity.xr.oculus.LowOverheadMode"
135-->[:unityLibrary] AndroidManifest.xml:124:13-63
136            android:value="false" />
136-->[:unityLibrary] AndroidManifest.xml:125:13-34
137        <meta-data
137-->[:unityLibrary] AndroidManifest.xml:126:9-128:37
138            android:name="com.unity.xr.oculus.LateLatching"
138-->[:unityLibrary] AndroidManifest.xml:127:13-60
139            android:value="false" />
139-->[:unityLibrary] AndroidManifest.xml:128:13-34
140        <meta-data
140-->[:unityLibrary] AndroidManifest.xml:129:9-131:37
141            android:name="com.unity.xr.oculus.LateLatchingDebug"
141-->[:unityLibrary] AndroidManifest.xml:130:13-65
142            android:value="false" />
142-->[:unityLibrary] AndroidManifest.xml:131:13-34
143        <meta-data
143-->[:unityLibrary] AndroidManifest.xml:132:9-134:35
144            android:name="com.oculus.handtracking.frequency"
144-->[:unityLibrary] AndroidManifest.xml:133:13-61
145            android:value="LOW" />
145-->[:unityLibrary] AndroidManifest.xml:134:13-32
146        <meta-data
146-->[:unityLibrary] AndroidManifest.xml:135:9-137:36
147            android:name="com.oculus.handtracking.version"
147-->[:unityLibrary] AndroidManifest.xml:136:13-59
148            android:value="V2.0" />
148-->[:unityLibrary] AndroidManifest.xml:137:13-33
149    </application>
150
151</manifest>